<?xml version="1.0" encoding="UTF-8"?>
<testsuites name="Mocha Tests" time="0.0170" tests="27" failures="1">
  <testsuite name="Root Suite" timestamp="2021-04-22T13:53:41" tests="0" time="0.0000" failures="0">
  </testsuite>
  <testsuite name="search" timestamp="2021-04-22T13:53:41" tests="3" file="/home/georg/workspace/funkwhale/front/dist/js/main.js" time="0.0030" failures="0">
    <testcase name="search normalizeQuery returns correct tokens" time="0.0010" classname="normalizeQuery returns correct tokens">
    </testcase>
    <testcase name="search parseTokens can extract fields and values from tokens" time="0.0010" classname="parseTokens can extract fields and values from tokens">
    </testcase>
    <testcase name="search compileTokens returns proper query string" time="0.0010" classname="compileTokens returns proper query string">
    </testcase>
  </testsuite>
  <testsuite name="utils" timestamp="2021-04-22T13:53:41" tests="0" file="/home/georg/workspace/funkwhale/front/dist/js/main.js" time="0.0000" failures="0">
  </testsuite>
  <testsuite name="parseAPIErrors" timestamp="2021-04-22T13:53:41" tests="4" file="/home/georg/workspace/funkwhale/front/dist/js/main.js" time="0.0010" failures="0">
    <testcase name="utils parseAPIErrors handles flat structure" time="0.0010" classname="handles flat structure">
    </testcase>
    <testcase name="utils parseAPIErrors handles flat structure with multiple errors per field" time="0.0000" classname="handles flat structure with multiple errors per field">
    </testcase>
    <testcase name="utils parseAPIErrors translate field name" time="0.0000" classname="translate field name">
    </testcase>
    <testcase name="utils parseAPIErrors handle nested fields" time="0.0000" classname="handle nested fields">
    </testcase>
  </testsuite>
  <testsuite name="Username" timestamp="2021-04-22T13:53:41" tests="1" file="/home/georg/workspace/funkwhale/front/dist/js/main.js" time="0.0040" failures="0">
    <testcase name="Username displays username" time="0.0040" classname="displays username">
    </testcase>
  </testsuite>
  <testsuite name="filters" timestamp="2021-04-22T13:53:41" tests="0" file="/home/georg/workspace/funkwhale/front/dist/js/main.js" time="0.0000" failures="0">
  </testsuite>
  <testsuite name="truncate" timestamp="2021-04-22T13:53:41" tests="3" file="/home/georg/workspace/funkwhale/front/dist/js/main.js" time="0.0000" failures="0">
    <testcase name="filters truncate leave strings as it if correct size" time="0.0000" classname="leave strings as it if correct size">
    </testcase>
    <testcase name="filters truncate returns shorter string with character" time="0.0000" classname="returns shorter string with character">
    </testcase>
    <testcase name="filters truncate custom ellipsis" time="0.0000" classname="custom ellipsis">
    </testcase>
  </testsuite>
  <testsuite name="ago" timestamp="2021-04-22T13:53:41" tests="1" file="/home/georg/workspace/funkwhale/front/dist/js/main.js" time="0.0020" failures="0">
    <testcase name="filters ago works" time="0.0020" classname="works">
    </testcase>
  </testsuite>
  <testsuite name="year" timestamp="2021-04-22T13:53:41" tests="1" file="/home/georg/workspace/funkwhale/front/dist/js/main.js" time="0.0020" failures="0">
    <testcase name="filters year works" time="0.0020" classname="works">
    </testcase>
  </testsuite>
  <testsuite name="capitalize" timestamp="2021-04-22T13:53:41" tests="1" file="/home/georg/workspace/funkwhale/front/dist/js/main.js" time="0.0000" failures="0">
    <testcase name="filters capitalize works" time="0.0000" classname="works">
    </testcase>
  </testsuite>
  <testsuite name="store/auth" timestamp="2021-04-22T13:53:41" tests="0" file="/home/georg/workspace/funkwhale/front/dist/js/main.js" time="0.0000" failures="0">
  </testsuite>
  <testsuite name="mutations" timestamp="2021-04-22T13:53:41" tests="7" file="/home/georg/workspace/funkwhale/front/dist/js/main.js" time="0.0020" failures="0">
    <testcase name="store/auth mutations profile" time="0.0010" classname="profile">
    </testcase>
    <testcase name="store/auth mutations username" time="0.0000" classname="username">
    </testcase>
    <testcase name="store/auth mutations authenticated true" time="0.0000" classname="authenticated true">
    </testcase>
    <testcase name="store/auth mutations authenticated false" time="0.0010" classname="authenticated false">
    </testcase>
    <testcase name="store/auth mutations token null" time="0.0000" classname="token null">
    </testcase>
    <testcase name="store/auth mutations token real" time="0.0000" classname="token real">
    </testcase>
    <testcase name="store/auth mutations permissions" time="0.0000" classname="permissions">
    </testcase>
  </testsuite>
  <testsuite name="getters" timestamp="2021-04-22T13:53:41" tests="1" file="/home/georg/workspace/funkwhale/front/dist/js/main.js" time="0.0000" failures="0">
    <testcase name="store/auth getters header" time="0.0000" classname="header">
    </testcase>
  </testsuite>
  <testsuite name="actions" timestamp="2021-04-22T13:53:41" tests="5" file="/home/georg/workspace/funkwhale/front/dist/js/main.js" time="0.0030" failures="1">
    <testcase name="store/auth actions logout" time="0.0000" classname="logout">
    </testcase>
    <testcase name="store/auth actions check jwt null" time="0.0010" classname="check jwt null">
    </testcase>
    <testcase name="store/auth actions login success" time="0.0010" classname="login success">
    </testcase>
    <testcase name="store/auth actions login error" time="0.0010" classname="login error">
    </testcase>
    <testcase name="store/auth actions fetchProfile" time="0.0000" classname="fetchProfile">
    </testcase>
    <testcase name="store/auth actions fetchProfile" time="0.0000" classname="fetchProfile">
      <failure message="expected &apos;favorites/fetch&apos; to equal &apos;ui/initSettings&apos;" type="AssertionError"><![CDATA[AssertionError: expected 'favorites/fetch' to equal 'ui/initSettings'
    at dispatch (dist/js/main.js:192702:34)
    at /home/georg/workspace/funkwhale/front/dist/js/main.js:184555:11]]></failure>
    </testcase>
  </testsuite>
</testsuites>